f:\myfolder\onedrive\俺用フォルダ\sorter_dx\debug\vc141.pdb
f:\myfolder\onedrive\俺用フォルダ\sorter_dx\debug\vc141.idb
f:\myfolder\onedrive\俺用フォルダ\sorter_dx\debug\sort_algorithms.obj
f:\myfolder\onedrive\俺用フォルダ\sorter_dx\debug\vc142.pdb
f:\myfolder\onedrive\俺用フォルダ\sorter_dx\debug\vc142.idb
f:\myfolder\onedrive\俺用フォルダ\sorter_dx\debug\puzz.obj
f:\myfolder\onedrive\俺用フォルダ\sorter_dx\debug\mergesort_inplace.obj
f:\myfolder\onedrive\俺用フォルダ\sorter_dx\debug\main.obj
f:\myfolder\onedrive\俺用フォルダ\sorter_dx\debug\sorter_dx.pdb
f:\myfolder\onedrive\俺用フォルダ\sorter_dx\debug\sorter_dx.tlog\cl.command.1.tlog
f:\myfolder\onedrive\俺用フォルダ\sorter_dx\debug\sorter_dx.tlog\cl.read.1.tlog
f:\myfolder\onedrive\俺用フォルダ\sorter_dx\debug\sorter_dx.tlog\cl.write.1.tlog
f:\myfolder\onedrive\俺用フォルダ\sorter_dx\debug\sorter_dx.tlog\link-cvtres.read.1.tlog
f:\myfolder\onedrive\俺用フォルダ\sorter_dx\debug\sorter_dx.tlog\link-cvtres.write.1.tlog
f:\myfolder\onedrive\俺用フォルダ\sorter_dx\debug\sorter_dx.tlog\link-rc.read.1.tlog
f:\myfolder\onedrive\俺用フォルダ\sorter_dx\debug\sorter_dx.tlog\link-rc.write.1.tlog
f:\myfolder\onedrive\俺用フォルダ\sorter_dx\debug\sorter_dx.tlog\link.30752-cvtres.read.1.tlog
f:\myfolder\onedrive\俺用フォルダ\sorter_dx\debug\sorter_dx.tlog\link.30752-cvtres.write.1.tlog
f:\myfolder\onedrive\俺用フォルダ\sorter_dx\debug\sorter_dx.tlog\link.30752-rc.read.1.tlog
f:\myfolder\onedrive\俺用フォルダ\sorter_dx\debug\sorter_dx.tlog\link.30752-rc.write.1.tlog
f:\myfolder\onedrive\俺用フォルダ\sorter_dx\debug\sorter_dx.tlog\link.30752.read.1.tlog
f:\myfolder\onedrive\俺用フォルダ\sorter_dx\debug\sorter_dx.tlog\link.30752.write.1.tlog
f:\myfolder\onedrive\俺用フォルダ\sorter_dx\debug\sorter_dx.tlog\link.command.1.tlog
f:\myfolder\onedrive\俺用フォルダ\sorter_dx\debug\sorter_dx.tlog\link.read.1.tlog
f:\myfolder\onedrive\俺用フォルダ\sorter_dx\debug\sorter_dx.tlog\link.write.1.tlog
